<?xml version="1.0" encoding="UTF-8"?>
<!-- Generated by org.testng.reporters.JUnitReportReporter -->
<testsuite hostname="DESKTOP-5S0OOPP" name="testcases.VerifyHomePage" tests="1" failures="0" timestamp="30 Apr 2018 12:09:46 GMT" time="11.225" errors="0">
  <testcase name="testVerifyHomePage" time="11.225" classname="testcases.VerifyHomePage"/>
</testsuite> <!-- testcases.VerifyHomePage -->
