<?xml version="1.0" encoding="UTF-8"?>
<!-- Generated by org.testng.reporters.JUnitReportReporter -->
<testsuite hostname="DESKTOP-5S0OOPP" name="testcases.VerifyLoginPage" tests="1" failures="0" timestamp="30 Apr 2018 12:09:46 GMT" time="13.652" errors="0">
  <testcase name="testVerifyLoginPage" time="13.652" classname="testcases.VerifyLoginPage"/>
</testsuite> <!-- testcases.VerifyLoginPage -->
