<?xml version="1.0" encoding="UTF-8"?>
<!-- Generated by org.testng.reporters.JUnitReportReporter -->
<testsuite hostname="DESKTOP-5S0OOPP" name="testcases.VerfiyCreateHomePage" tests="1" failures="0" timestamp="24 Apr 2018 13:40:08 GMT" time="10.813" errors="0">
  <testcase name="testVerifyCreateMobileTechnicianPage" time="10.813" classname="testcases.VerfiyCreateHomePage"/>
</testsuite> <!-- testcases.VerfiyCreateHomePage -->
